<?xml version="1.0" encoding="UTF-8"?>
<!-- Generated by org.testng.reporters.JUnitReportReporter -->
<testsuite hostname="ASUSG" failures="0" tests="1" name="SeleniumTest" time="41.106" errors="0" timestamp="2025-03-03T23:16:26 IST" skipped="0">
  <testcase classname="SeleniumTest" name="openGoogle" time="41.106"/>
</testsuite> <!-- SeleniumTest -->
