<?xml version="1.0" encoding="UTF-8"?>
<!-- Generated by org.testng.reporters.JUnitReportReporter -->
<testsuite hostname="ASUSG" failures="0" tests="1" name="LoginPage" time="4.013" errors="0" timestamp="2025-03-05T08:40:14 IST" skipped="0">
  <testcase classname="LoginPage" name="facebooklogin" time="4.013"/>
</testsuite> <!-- LoginPage -->
